<?xml version="1.0" encoding="UTF-8"?>
<!-- Generated by org.testng.reporters.JUnitReportReporter -->
<testsuite hostname="dell-vicky" failures="0" tests="1" name="Shoe.Pumma" time="11.572" errors="0" timestamp="2024-03-10T15:38:15 IST" skipped="0">
  <testcase classname="Shoe.Pumma" name="pumma" time="11.572"/>
  <system-out/>
</testsuite> <!-- Shoe.Pumma -->
