<?xml version="1.0" encoding="UTF-8"?>
<!-- Generated by org.testng.reporters.JUnitReportReporter -->
<testsuite hostname="dell-vicky" failures="0" tests="1" name="Bike.Bullet$ktm$honda$royel" time="9.279" errors="0" timestamp="2024-03-10T15:12:45 IST" skipped="0">
  <testcase classname="Bike.Bullet$ktm$honda$royel" name="royel" time="9.279"/>
  <system-out/>
</testsuite> <!-- Bike.Bullet$ktm$honda$royel -->
