<?xml version="1.0" encoding="UTF-8"?>
<!-- Generated by org.testng.reporters.JUnitReportReporter -->
<testsuite hostname="dell-vicky" failures="0" tests="3" name="TestNgBasic.Launch" time="11.877" errors="0" timestamp="2024-03-10T12:39:48 IST" skipped="0">
  <testcase classname="TestNgBasic.Launch" name="indiamart" time="3.862"/>
  <system-out>
    <![CDATA[indiamart]]>
  </system-out>
  <testcase classname="TestNgBasic.Launch" name="redbus" time="3.514"/>
  <system-out>
    <![CDATA[redbus]]>
  </system-out>
  <testcase classname="TestNgBasic.Launch" name="easemytrip" time="4.501"/>
  <system-out>
    <![CDATA[easemytrip]]>
  </system-out>
</testsuite> <!-- TestNgBasic.Launch -->
