<?xml version="1.0" encoding="UTF-8"?>
<!-- Generated by org.testng.reporters.JUnitReportReporter -->
<testsuite hostname="dell-vicky" failures="0" tests="1" name="Bike.Bullet" time="11.246" errors="0" timestamp="2024-03-10T15:38:15 IST" skipped="0">
  <testcase classname="Bike.Bullet" name="bullet" time="11.246"/>
  <system-out/>
</testsuite> <!-- Bike.Bullet -->
