<?xml version="1.0" encoding="UTF-8"?>
<!-- Generated by org.testng.reporters.JUnitReportReporter -->
<testsuite hostname="dell-vicky" failures="0" tests="1" name="Bike.Royel" time="11.631" errors="0" timestamp="2024-03-10T15:38:15 IST" skipped="0">
  <testcase classname="Bike.Royel" name="royel" time="11.631"/>
  <system-out/>
</testsuite> <!-- Bike.Royel -->
